mode: set
github.com/arvinpaundra/unit-test/controllers/book_controller.go:12.47,17.16 3 1
github.com/arvinpaundra/unit-test/controllers/book_controller.go:21.2,23.4 1 1
github.com/arvinpaundra/unit-test/controllers/book_controller.go:17.16,19.3 1 0
github.com/arvinpaundra/unit-test/controllers/book_controller.go:26.46,33.16 4 1
github.com/arvinpaundra/unit-test/controllers/book_controller.go:37.2,39.4 1 1
github.com/arvinpaundra/unit-test/controllers/book_controller.go:33.16,35.3 1 0
github.com/arvinpaundra/unit-test/controllers/book_controller.go:42.49,49.16 4 0
github.com/arvinpaundra/unit-test/controllers/book_controller.go:53.2,55.4 1 0
github.com/arvinpaundra/unit-test/controllers/book_controller.go:49.16,51.3 1 0
github.com/arvinpaundra/unit-test/controllers/book_controller.go:58.49,67.16 5 0
github.com/arvinpaundra/unit-test/controllers/book_controller.go:71.2,73.4 1 0
github.com/arvinpaundra/unit-test/controllers/book_controller.go:67.16,69.3 1 0
github.com/arvinpaundra/unit-test/controllers/book_controller.go:76.49,81.16 3 1
github.com/arvinpaundra/unit-test/controllers/book_controller.go:85.2,87.4 1 1
github.com/arvinpaundra/unit-test/controllers/book_controller.go:81.16,83.3 1 0
github.com/arvinpaundra/unit-test/controllers/user_controller.go:14.48,21.16 4 0
github.com/arvinpaundra/unit-test/controllers/user_controller.go:25.2,29.4 2 0
github.com/arvinpaundra/unit-test/controllers/user_controller.go:21.16,23.3 1 0
github.com/arvinpaundra/unit-test/controllers/user_controller.go:32.47,37.16 3 1
github.com/arvinpaundra/unit-test/controllers/user_controller.go:43.2,45.4 1 1
github.com/arvinpaundra/unit-test/controllers/user_controller.go:37.16,41.3 1 0
github.com/arvinpaundra/unit-test/controllers/user_controller.go:48.46,55.16 4 1
github.com/arvinpaundra/unit-test/controllers/user_controller.go:61.2,63.4 1 1
github.com/arvinpaundra/unit-test/controllers/user_controller.go:55.16,59.3 1 0
github.com/arvinpaundra/unit-test/controllers/user_controller.go:66.49,75.16 5 0
github.com/arvinpaundra/unit-test/controllers/user_controller.go:79.2,81.4 1 0
github.com/arvinpaundra/unit-test/controllers/user_controller.go:75.16,77.3 1 0
github.com/arvinpaundra/unit-test/controllers/user_controller.go:84.49,93.16 5 0
github.com/arvinpaundra/unit-test/controllers/user_controller.go:97.2,99.4 1 0
github.com/arvinpaundra/unit-test/controllers/user_controller.go:93.16,95.3 1 0
github.com/arvinpaundra/unit-test/controllers/user_controller.go:102.49,107.16 3 1
github.com/arvinpaundra/unit-test/controllers/user_controller.go:111.2,113.4 1 1
github.com/arvinpaundra/unit-test/controllers/user_controller.go:107.16,109.3 1 0
